{"meta": {"format": 3, "version": "7.13.4", "timestamp": "2026-07-29T10:32:40.858691", "branch_coverage": false, "show_contexts": false}, "files": {"app\\services\\query_engine\\__init__.py": {"executed_lines": [9, 11], "summary": {"covered_lines": 2, "num_statements": 2, "percent_covered": 100.0, "percent_covered_display": "100", "missing_lines": 0, "excluded_lines": 0, "percent_statements_covered": 100.0, "percent_statements_covered_display": "100"}, "missing_lines": [], "excluded_lines": [], "functions": {"": {"executed_lines": [9, 11], "summary": {"covered_lines": 2, "num_statements": 2, "percent_covered": 100.0, "percent_covered_display": "100", "missing_lines": 0, "excluded_lines": 0, "percent_statements_covered": 100.0, "percent_statements_covered_display": "100"}, "missing_lines": [], "excluded_lines": [], "start_line": 1}}, "classes": {"": {"executed_lines": [9, 11], "summary": {"covered_lines": 2, "num_statements": 2, "percent_covered": 100.0, "percent_covered_display": "100", "missing_lines": 0, "excluded_lines": 0, "percent_statements_covered": 100.0, "percent_statements_covered_display": "100"}, "missing_lines": [], "excluded_lines": [], "start_line": 1}}}, "app\\services\\query_engine\\adapters.py": {"executed_lines": [12, 13, 14, 15, 17, 19, 20, 22, 24, 25, 26, 27, 28, 29, 30, 31, 32, 34, 37, 38, 49, 52, 69, 72, 82, 83, 85, 87, 92, 93, 98, 100, 102, 105], "summary": {"covered_lines": 34, "num_statements": 49, "percent_covered": 69.38775510204081, "percent_covered_display": "69", "missing_lines": 15, "excluded_lines": 0, "percent_statements_covered": 69.38775510204081, "percent_statements_covered_display": "69"}, "missing_lines": [46, 59, 60, 61, 63, 64, 65, 66, 95, 96, 97, 103, 107, 108, 109], "excluded_lines": [], "functions": {"BaseAdapter.get_dataframe": {"executed_lines": [], "summary": {"covered_lines": 0, "num_statements": 1, "percent_covered": 0.0, "percent_covered_display": "0", "missing_lines": 1, "excluded_lines": 0, "percent_statements_covered": 0.0, "percent_statements_covered_display": "0"}, "missing_lines": [46], "excluded_lines": [], "start_line": 38}, "LiveAdapter.get_dataframe": {"executed_lines": [], "summary": {"covered_lines": 0, "num_statements": 7, "percent_covered": 0.0, "percent_covered_display": "0", "missing_lines": 7, "excluded_lines": 0, "percent_statements_covered": 0.0, "percent_statements_covered_display": "0"}, "missing_lines": [59, 60, 61, 63, 64, 65, 66], "excluded_lines": [], "start_line": 52}, "HistoryAdapter.get_dataframe": {"executed_lines": [82, 83, 85, 87, 92, 93, 98, 100, 102, 105], "summary": {"covered_lines": 10, "num_statements": 17, "percent_covered": 58.8235294117647, "percent_covered_display": "59", "missing_lines": 7, "excluded_lines": 0, "percent_statements_covered": 58.8235294117647, "percent_statements_covered_display": "59"}, "missing_lines": [95, 96, 97, 103, 107, 108, 109], "excluded_lines": [], "start_line": 72}, "": {"executed_lines": [12, 13, 14, 15, 17, 19, 20, 22, 24, 25, 26, 27, 28, 29, 30, 31, 32, 34, 37, 38, 49, 52, 69, 72], "summary": {"covered_lines": 24, "num_statements": 24, "percent_covered": 100.0, "percent_covered_display": "100", "missing_lines": 0, "excluded_lines": 0, "percent_statements_covered": 100.0, "percent_statements_covered_display": "100"}, "missing_lines": [], "excluded_lines": [], "start_line": 1}}, "classes": {"AdapterResult": {"executed_lines": [], "summary": {"covered_lines": 0, "num_statements": 0, "percent_covered": 100.0, "percent_covered_display": "100", "missing_lines": 0, "excluded_lines": 0, "percent_statements_covered": 100.0, "percent_statements_covered_display": "100"}, "missing_lines": [], "excluded_lines": [], "start_line": 25}, "BaseAdapter": {"executed_lines": [], "summary": {"covered_lines": 0, "num_statements": 1, "percent_covered": 0.0, "percent_covered_display": "0", "missing_lines": 1, "excluded_lines": 0, "percent_statements_covered": 0.0, "percent_statements_covered_display": "0"}, "missing_lines": [46], "excluded_lines": [], "start_line": 34}, "LiveAdapter": {"executed_lines": [], "summary": {"covered_lines": 0, "num_statements": 7, "percent_covered": 0.0, "percent_covered_display": "0", "missing_lines": 7, "excluded_lines": 0, "percent_statements_covered": 0.0, "percent_statements_covered_display": "0"}, "missing_lines": [59, 60, 61, 63, 64, 65, 66], "excluded_lines": [], "start_line": 49}, "HistoryAdapter": {"executed_lines": [82, 83, 85, 87, 92, 93, 98, 100, 102, 105], "summary": {"covered_lines": 10, "num_statements": 17, "percent_covered": 58.8235294117647, "percent_covered_display": "59", "missing_lines": 7, "excluded_lines": 0, "percent_statements_covered": 58.8235294117647, "percent_statements_covered_display": "59"}, "missing_lines": [95, 96, 97, 103, 107, 108, 109], "excluded_lines": [], "start_line": 69}, "": {"executed_lines": [12, 13, 14, 15, 17, 19, 20, 22, 24, 25, 26, 27, 28, 29, 30, 31, 32, 34, 37, 38, 49, 52, 69, 72], "summary": {"covered_lines": 24, "num_statements": 24, "percent_covered": 100.0, "percent_covered_display": "100", "missing_lines": 0, "excluded_lines": 0, "percent_statements_covered": 100.0, "percent_statements_covered_display": "100"}, "missing_lines": [], "excluded_lines": [], "start_line": 1}}}, "app\\services\\query_engine\\engine.py": {"executed_lines": [20, 21, 22, 23, 25, 27, 28, 33, 34, 35, 36, 38, 41, 44, 61, 64, 67, 70, 71, 72, 73, 74, 81, 93, 94, 97, 98, 112, 113, 114, 119, 132, 144, 145, 147, 148, 154, 157, 158, 159, 161, 174, 175, 176, 178, 181, 182, 183, 184, 185, 187, 193, 196, 197, 198, 199, 220, 225, 226, 227, 233, 246, 247, 249, 265, 267, 268, 269, 270, 271, 272, 273, 274], "summary": {"covered_lines": 73, "num_statements": 103, "percent_covered": 70.87378640776699, "percent_covered_display": "71", "missing_lines": 30, "excluded_lines": 0, "percent_statements_covered": 70.87378640776699, "percent_statements_covered_display": "71"}, "missing_lines": [76, 77, 78, 79, 82, 99, 109, 116, 117, 120, 133, 134, 135, 140, 141, 150, 151, 152, 200, 203, 204, 207, 208, 209, 210, 211, 215, 217, 229, 230], "excluded_lines": [], "functions": {"execute_query": {"executed_lines": [61, 64, 67, 70, 71, 72, 73, 74, 81, 93, 94, 97, 98, 112, 113, 114, 119, 132, 144, 145, 147, 148, 154, 157, 158, 159, 161, 174, 175, 176, 178, 181, 182, 183, 184, 185, 187], "summary": {"covered_lines": 37, "num_statements": 55, "percent_covered": 67.27272727272727, "percent_covered_display": "67", "missing_lines": 18, "excluded_lines": 0, "percent_statements_covered": 67.27272727272727, "percent_statements_covered_display": "67"}, "missing_lines": [76, 77, 78, 79, 82, 99, 109, 116, 117, 120, 133, 134, 135, 140, 141, 150, 151, 152], "excluded_lines": [], "start_line": 44}, "resolve_conditions": {"executed_lines": [196, 197, 198, 199], "summary": {"covered_lines": 4, "num_statements": 14, "percent_covered": 28.571428571428573, "percent_covered_display": "29", "missing_lines": 10, "excluded_lines": 0, "percent_statements_covered": 28.571428571428573, "percent_statements_covered_display": "29"}, "missing_lines": [200, 203, 204, 207, 208, 209, 210, 211, 215, 217], "excluded_lines": [], "start_line": 193}, "_load_dataframe": {"executed_lines": [225, 226, 227], "summary": {"covered_lines": 3, "num_statements": 5, "percent_covered": 60.0, "percent_covered_display": "60", "missing_lines": 2, "excluded_lines": 0, "percent_statements_covered": 60.0, "percent_statements_covered_display": "60"}, "missing_lines": [229, 230], "excluded_lines": [], "start_line": 220}, "_build_meta": {"executed_lines": [246, 247, 249], "summary": {"covered_lines": 3, "num_statements": 3, "percent_covered": 100.0, "percent_covered_display": "100", "missing_lines": 0, "excluded_lines": 0, "percent_statements_covered": 100.0, "percent_statements_covered_display": "100"}, "missing_lines": [], "excluded_lines": [], "start_line": 233}, "_df_to_records": {"executed_lines": [267, 268, 269, 270, 271, 272, 273, 274], "summary": {"covered_lines": 8, "num_statements": 8, "percent_covered": 100.0, "percent_covered_display": "100", "missing_lines": 0, "excluded_lines": 0, "percent_statements_covered": 100.0, "percent_statements_covered_display": "100"}, "missing_lines": [], "excluded_lines": [], "start_line": 265}, "": {"executed_lines": [20, 21, 22, 23, 25, 27, 28, 33, 34, 35, 36, 38, 41, 44, 193, 220, 233, 265], "summary": {"covered_lines": 18, "num_statements": 18, "percent_covered": 100.0, "percent_covered_display": "100", "missing_lines": 0, "excluded_lines": 0, "percent_statements_covered": 100.0, "percent_statements_covered_display": "100"}, "missing_lines": [], "excluded_lines": [], "start_line": 1}}, "classes": {"": {"executed_lines": [20, 21, 22, 23, 25, 27, 28, 33, 34, 35, 36, 38, 41, 44, 61, 64, 67, 70, 71, 72, 73, 74, 81, 93, 94, 97, 98, 112, 113, 114, 119, 132, 144, 145, 147, 148, 154, 157, 158, 159, 161, 174, 175, 176, 178, 181, 182, 183, 184, 185, 187, 193, 196, 197, 198, 199, 220, 225, 226, 227, 233, 246, 247, 249, 265, 267, 268, 269, 270, 271, 272, 273, 274], "summary": {"covered_lines": 73, "num_statements": 103, "percent_covered": 70.87378640776699, "percent_covered_display": "71", "missing_lines": 30, "excluded_lines": 0, "percent_statements_covered": 70.87378640776699, "percent_statements_covered_display": "71"}, "missing_lines": [76, 77, 78, 79, 82, 99, 109, 116, 117, 120, 133, 134, 135, 140, 141, 150, 151, 152, 200, 203, 204, 207, 208, 209, 210, 211, 215, 217, 229, 230], "excluded_lines": [], "start_line": 1}}}, "app\\services\\query_engine\\expression_parser.py": {"executed_lines": [1, 2, 4, 5, 7, 8, 9, 10, 11, 12, 13, 14, 15, 16, 18, 19, 20, 21, 22, 23, 24, 28, 29, 32, 42, 43, 44, 45, 47, 48, 50, 51, 52, 54, 57, 58, 59, 60, 61, 62, 65, 66, 67, 68, 70, 71, 72, 73, 74, 75, 76, 77, 78, 79, 80, 81, 84, 85, 86, 87, 88, 89, 90, 93, 94, 95, 96, 97, 98, 99, 100, 102, 103, 104, 107, 108, 109, 110, 111, 112, 113, 114, 115, 116, 119, 120, 121, 122, 123, 124, 125, 127, 128, 129, 133, 134, 136, 137, 138, 139, 141, 142, 143, 146, 147, 148, 149, 150, 152, 153, 154, 155, 156, 157, 158, 160, 161, 162, 163, 164, 166, 167, 168, 169, 170, 171, 172, 174, 175, 176, 177, 178, 179, 180, 182, 183, 184, 185, 186, 187, 188, 189, 191, 192, 193, 194, 195, 196, 197, 199, 200, 201, 202, 203, 204, 205, 207, 208, 209, 210, 211, 212, 213, 214, 215, 217, 218, 220, 221, 222, 223, 224, 226, 227, 228, 229, 231, 232, 233, 235, 236, 237, 238, 239, 240, 241, 242, 243, 244, 245, 246, 250, 251, 252, 254, 256, 258, 263, 265, 266, 267, 268], "summary": {"covered_lines": 202, "num_statements": 207, "percent_covered": 97.58454106280193, "percent_covered_display": "98", "missing_lines": 5, "excluded_lines": 0, "percent_statements_covered": 97.58454106280193, "percent_statements_covered_display": "98"}, "missing_lines": [25, 101, 131, 144, 264], "excluded_lines": [], "functions": {"Token.__init__": {"executed_lines": [21, 22, 23], "summary": {"covered_lines": 3, "num_statements": 3, "percent_covered": 100.0, "percent_covered_display": "100", "missing_lines": 0, "excluded_lines": 0, "percent_statements_covered": 100.0, "percent_statements_covered_display": "100"}, "missing_lines": [], "excluded_lines": [], "start_line": 20}, "Token.__repr__": {"executed_lines": [], "summary": {"covered_lines": 0, "num_statements": 1, "percent_covered": 0.0, "percent_covered_display": "0", "missing_lines": 1, "excluded_lines": 0, "percent_statements_covered": 0.0, "percent_statements_covered_display": "0"}, "missing_lines": [25], "excluded_lines": [], "start_line": 24}, "_tokenize": {"executed_lines": [43, 44, 45, 47, 48, 50, 51, 52, 54, 57, 58, 59, 60, 61, 62, 65, 66, 67, 68, 70, 71, 72, 73, 74, 75, 76, 77, 78, 79, 80, 81, 84, 85, 86, 87, 88, 89, 90, 93, 94, 95, 96, 97, 98, 99, 100, 102, 103, 104, 107, 108, 109, 110, 111, 112, 113, 114, 115, 116, 119, 120, 121, 122, 123, 124, 125, 127, 128, 129, 133, 134], "summary": {"covered_lines": 71, "num_statements": 73, "percent_covered": 97.26027397260275, "percent_covered_display": "97", "missing_lines": 2, "excluded_lines": 0, "percent_statements_covered": 97.26027397260275, "percent_statements_covered_display": "97"}, "missing_lines": [101, 131], "excluded_lines": [], "start_line": 42}, "_ExpressionParser.__init__": {"executed_lines": [138, 139], "summary": {"covered_lines": 2, "num_statements": 2, "percent_covered": 100.0, "percent_covered_display": "100", "missing_lines": 0, "excluded_lines": 0, "percent_statements_covered": 100.0, "percent_statements_covered_display": "100"}, "missing_lines": [], "excluded_lines": [], "start_line": 137}, "_ExpressionParser.peek": {"executed_lines": [142, 143], "summary": {"covered_lines": 2, "num_statements": 3, "percent_covered": 66.66666666666667, "percent_covered_display": "67", "missing_lines": 1, "excluded_lines": 0, "percent_statements_covered": 66.66666666666667, "percent_statements_covered_display": "67"}, "missing_lines": [144], "excluded_lines": [], "start_line": 141}, "_ExpressionParser.advance": {"executed_lines": [147, 148, 149, 150], "summary": {"covered_lines": 4, "num_statements": 4, "percent_covered": 100.0, "percent_covered_display": "100", "missing_lines": 0, "excluded_lines": 0, "percent_statements_covered": 100.0, "percent_statements_covered_display": "100"}, "missing_lines": [], "excluded_lines": [], "start_line": 146}, "_ExpressionParser.match": {"executed_lines": [153, 154, 155, 156, 157, 158], "summary": {"covered_lines": 6, "num_statements": 6, "percent_covered": 100.0, "percent_covered_display": "100", "missing_lines": 0, "excluded_lines": 0, "percent_statements_covered": 100.0, "percent_statements_covered_display": "100"}, "missing_lines": [], "excluded_lines": [], "start_line": 152}, "_ExpressionParser.parse": {"executed_lines": [161, 162, 163, 164], "summary": {"covered_lines": 4, "num_statements": 4, "percent_covered": 100.0, "percent_covered_display": "100", "missing_lines": 0, "excluded_lines": 0, "percent_statements_covered": 100.0, "percent_statements_covered_display": "100"}, "missing_lines": [], "excluded_lines": [], "start_line": 160}, "_ExpressionParser._parse_logical_or": {"executed_lines": [167, 168, 169, 170, 171, 172], "summary": {"covered_lines": 6, "num_statements": 6, "percent_covered": 100.0, "percent_covered_display": "100", "missing_lines": 0, "excluded_lines": 0, "percent_statements_covered": 100.0, "percent_statements_covered_display": "100"}, "missing_lines": [], "excluded_lines": [], "start_line": 166}, "_ExpressionParser._parse_logical_and": {"executed_lines": [175, 176, 177, 178, 179, 180], "summary": {"covered_lines": 6, "num_statements": 6, "percent_covered": 100.0, "percent_covered_display": "100", "missing_lines": 0, "excluded_lines": 0, "percent_statements_covered": 100.0, "percent_statements_covered_display": "100"}, "missing_lines": [], "excluded_lines": [], "start_line": 174}, "_ExpressionParser._parse_comparison": {"executed_lines": [183, 184, 185, 186, 187, 188, 189], "summary": {"covered_lines": 7, "num_statements": 7, "percent_covered": 100.0, "percent_covered_display": "100", "missing_lines": 0, "excluded_lines": 0, "percent_statements_covered": 100.0, "percent_statements_covered_display": "100"}, "missing_lines": [], "excluded_lines": [], "start_line": 182}, "_ExpressionParser._parse_additive": {"executed_lines": [192, 193, 194, 195, 196, 197], "summary": {"covered_lines": 6, "num_statements": 6, "percent_covered": 100.0, "percent_covered_display": "100", "missing_lines": 0, "excluded_lines": 0, "percent_statements_covered": 100.0, "percent_statements_covered_display": "100"}, "missing_lines": [], "excluded_lines": [], "start_line": 191}, "_ExpressionParser._parse_multiplicative": {"executed_lines": [200, 201, 202, 203, 204, 205], "summary": {"covered_lines": 6, "num_statements": 6, "percent_covered": 100.0, "percent_covered_display": "100", "missing_lines": 0, "excluded_lines": 0, "percent_statements_covered": 100.0, "percent_statements_covered_display": "100"}, "missing_lines": [], "excluded_lines": [], "start_line": 199}, "_ExpressionParser._parse_unary": {"executed_lines": [208, 209, 210, 211, 212, 213, 214, 215], "summary": {"covered_lines": 8, "num_statements": 8, "percent_covered": 100.0, "percent_covered_display": "100", "missing_lines": 0, "excluded_lines": 0, "percent_statements_covered": 100.0, "percent_statements_covered_display": "100"}, "missing_lines": [], "excluded_lines": [], "start_line": 207}, "_ExpressionParser._parse_primary": {"executed_lines": [218, 220, 221, 222, 223, 224, 226, 227, 228, 229, 231, 232, 233, 235, 236, 237, 238, 239, 240, 241, 242, 243, 244, 245, 246, 250, 251, 252, 254, 256], "summary": {"covered_lines": 30, "num_statements": 30, "percent_covered": 100.0, "percent_covered_display": "100", "missing_lines": 0, "excluded_lines": 0, "percent_statements_covered": 100.0, "percent_statements_covered_display": "100"}, "missing_lines": [], "excluded_lines": [], "start_line": 217}, "parse_expression": {"executed_lines": [263, 265, 266, 267, 268], "summary": {"covered_lines": 5, "num_statements": 6, "percent_covered": 83.33333333333333, "percent_covered_display": "83", "missing_lines": 1, "excluded_lines": 0, "percent_statements_covered": 83.33333333333333, "percent_statements_covered_display": "83"}, "missing_lines": [264], "excluded_lines": [], "start_line": 258}, "": {"executed_lines": [1, 2, 4, 5, 7, 8, 9, 10, 11, 12, 13, 14, 15, 16, 18, 19, 20, 24, 28, 29, 32, 42, 136, 137, 141, 146, 152, 160, 166, 174, 182, 191, 199, 207, 217, 258], "summary": {"covered_lines": 36, "num_statements": 36, "percent_covered": 100.0, "percent_covered_display": "100", "missing_lines": 0, "excluded_lines": 0, "percent_statements_covered": 100.0, "percent_statements_covered_display": "100"}, "missing_lines": [], "excluded_lines": [], "start_line": 1}}, "classes": {"ParseError": {"executed_lines": [], "summary": {"covered_lines": 0, "num_statements": 0, "percent_covered": 100.0, "percent_covered_display": "100", "missing_lines": 0, "excluded_lines": 0, "percent_statements_covered": 100.0, "percent_statements_covered_display": "100"}, "missing_lines": [], "excluded_lines": [], "start_line": 4}, "TokenType": {"executed_lines": [], "summary": {"covered_lines": 0, "num_statements": 0, "percent_covered": 100.0, "percent_covered_display": "100", "missing_lines": 0, "excluded_lines": 0, "percent_statements_covered": 100.0, "percent_statements_covered_display": "100"}, "missing_lines": [], "excluded_lines": [], "start_line": 7}, "Token": {"executed_lines": [21, 22, 23], "summary": {"covered_lines": 3, "num_statements": 4, "percent_covered": 75.0, "percent_covered_display": "75", "missing_lines": 1, "excluded_lines": 0, "percent_statements_covered": 75.0, "percent_statements_covered_display": "75"}, "missing_lines": [25], "excluded_lines": [], "start_line": 18}, "_ExpressionParser": {"executed_lines": [138, 139, 142, 143, 147, 148, 149, 150, 153, 154, 155, 156, 157, 158, 161, 162, 163, 164, 167, 168, 169, 170, 171, 172, 175, 176, 177, 178, 179, 180, 183, 184, 185, 186, 187, 188, 189, 192, 193, 194, 195, 196, 197, 200, 201, 202, 203, 204, 205, 208, 209, 210, 211, 212, 213, 214, 215, 218, 220, 221, 222, 223, 224, 226, 227, 228, 229, 231, 232, 233, 235, 236, 237, 238, 239, 240, 241, 242, 243, 244, 245, 246, 250, 251, 252, 254, 256], "summary": {"covered_lines": 87, "num_statements": 88, "percent_covered": 98.86363636363636, "percent_covered_display": "99", "missing_lines": 1, "excluded_lines": 0, "percent_statements_covered": 98.86363636363636, "percent_statements_covered_display": "99"}, "missing_lines": [144], "excluded_lines": [], "start_line": 136}, "": {"executed_lines": [1, 2, 4, 5, 7, 8, 9, 10, 11, 12, 13, 14, 15, 16, 18, 19, 20, 24, 28, 29, 32, 42, 43, 44, 45, 47, 48, 50, 51, 52, 54, 57, 58, 59, 60, 61, 62, 65, 66, 67, 68, 70, 71, 72, 73, 74, 75, 76, 77, 78, 79, 80, 81, 84, 85, 86, 87, 88, 89, 90, 93, 94, 95, 96, 97, 98, 99, 100, 102, 103, 104, 107, 108, 109, 110, 111, 112, 113, 114, 115, 116, 119, 120, 121, 122, 123, 124, 125, 127, 128, 129, 133, 134, 136, 137, 141, 146, 152, 160, 166, 174, 182, 191, 199, 207, 217, 258, 263, 265, 266, 267, 268], "summary": {"covered_lines": 112, "num_statements": 115, "percent_covered": 97.3913043478261, "percent_covered_display": "97", "missing_lines": 3, "excluded_lines": 0, "percent_statements_covered": 97.3913043478261, "percent_statements_covered_display": "97"}, "missing_lines": [101, 131, 264], "excluded_lines": [], "start_line": 1}}}, "app\\services\\query_engine\\parser.py": {"executed_lines": [20, 21, 22, 24, 29, 30, 31, 32, 33, 34, 35, 36, 37, 38, 39, 42, 43, 45, 50, 56, 64, 65, 70, 164, 183, 200, 202, 205, 208, 213, 218, 224, 232, 243, 249, 255, 266, 326, 353, 360, 361, 363, 366, 380, 383, 386, 387, 388], "summary": {"covered_lines": 48, "num_statements": 226, "percent_covered": 21.238938053097346, "percent_covered_display": "21", "missing_lines": 178, "excluded_lines": 0, "percent_statements_covered": 21.238938053097346, "percent_statements_covered_display": "21"}, "missing_lines": [46, 47, 48, 51, 72, 73, 74, 76, 77, 80, 81, 82, 84, 87, 88, 89, 90, 91, 92, 95, 96, 97, 98, 101, 102, 103, 104, 105, 106, 107, 108, 111, 112, 116, 117, 118, 121, 122, 123, 124, 127, 128, 129, 130, 133, 134, 135, 136, 137, 138, 139, 140, 143, 144, 145, 146, 147, 148, 149, 150, 152, 153, 154, 157, 158, 160, 161, 166, 167, 168, 169, 170, 171, 172, 173, 174, 175, 176, 177, 179, 180, 185, 186, 187, 188, 189, 190, 191, 192, 193, 194, 195, 209, 210, 211, 214, 215, 216, 219, 220, 221, 222, 225, 226, 227, 230, 234, 236, 237, 241, 244, 245, 246, 247, 250, 251, 252, 253, 258, 259, 262, 263, 264, 267, 270, 271, 272, 273, 274, 277, 278, 282, 285, 286, 287, 288, 289, 290, 296, 299, 300, 301, 302, 308, 311, 312, 313, 314, 320, 322, 328, 330, 331, 332, 333, 334, 335, 336, 337, 339, 340, 341, 343, 345, 346, 348, 362, 381, 391, 392, 393, 394, 395, 398, 399, 400, 401, 404], "excluded_lines": [], "functions": {"_Token.__init__": {"executed_lines": [], "summary": {"covered_lines": 0, "num_statements": 3, "percent_covered": 0.0, "percent_covered_display": "0", "missing_lines": 3, "excluded_lines": 0, "percent_statements_covered": 0.0, "percent_statements_covered_display": "0"}, "missing_lines": [46, 47, 48], "excluded_lines": [], "start_line": 45}, "_Token.__repr__": {"executed_lines": [], "summary": {"covered_lines": 0, "num_statements": 1, "percent_covered": 0.0, "percent_covered_display": "0", "missing_lines": 1, "excluded_lines": 0, "percent_statements_covered": 0.0, "percent_statements_covered_display": "0"}, "missing_lines": [51], "excluded_lines": [], "start_line": 50}, "_tokenize": {"executed_lines": [], "summary": {"covered_lines": 0, "num_statements": 63, "percent_covered": 0.0, "percent_covered_display": "0", "missing_lines": 63, "excluded_lines": 0, "percent_statements_covered": 0.0, "percent_statements_covered_display": "0"}, "missing_lines": [72, 73, 74, 76, 77, 80, 81, 82, 84, 87, 88, 89, 90, 91, 92, 95, 96, 97, 98, 101, 102, 103, 104, 105, 106, 107, 108, 111, 112, 116, 117, 118, 121, 122, 123, 124, 127, 128, 129, 130, 133, 134, 135, 136, 137, 138, 139, 140, 143, 144, 145, 146, 147, 148, 149, 150, 152, 153, 154, 157, 158, 160, 161], "excluded_lines": [], "start_line": 70}, "_read_number": {"executed_lines": [], "summary": {"covered_lines": 0, "num_statements": 14, "percent_covered": 0.0, "percent_covered_display": "0", "missing_lines": 14, "excluded_lines": 0, "percent_statements_covered": 0.0, "percent_statements_covered_display": "0"}, "missing_lines": [166, 167, 168, 169, 170, 171, 172, 173, 174, 175, 176, 177, 179, 180], "excluded_lines": [], "start_line": 164}, "_read_string": {"executed_lines": [], "summary": {"covered_lines": 0, "num_statements": 11, "percent_covered": 0.0, "percent_covered_display": "0", "missing_lines": 11, "excluded_lines": 0, "percent_statements_covered": 0.0, "percent_statements_covered_display": "0"}, "missing_lines": [185, 186, 187, 188, 189, 190, 191, 192, 193, 194, 195], "excluded_lines": [], "start_line": 183}, "_Parser.__init__": {"executed_lines": [], "summary": {"covered_lines": 0, "num_statements": 3, "percent_covered": 0.0, "percent_covered_display": "0", "missing_lines": 3, "excluded_lines": 0, "percent_statements_covered": 0.0, "percent_statements_covered_display": "0"}, "missing_lines": [209, 210, 211], "excluded_lines": [], "start_line": 208}, "_Parser.peek": {"executed_lines": [], "summary": {"covered_lines": 0, "num_statements": 3, "percent_covered": 0.0, "percent_covered_display": "0", "missing_lines": 3, "excluded_lines": 0, "percent_statements_covered": 0.0, "percent_statements_covered_display": "0"}, "missing_lines": [214, 215, 216], "excluded_lines": [], "start_line": 213}, "_Parser.advance": {"executed_lines": [], "summary": {"covered_lines": 0, "num_statements": 4, "percent_covered": 0.0, "percent_covered_display": "0", "missing_lines": 4, "excluded_lines": 0, "percent_statements_covered": 0.0, "percent_statements_covered_display": "0"}, "missing_lines": [219, 220, 221, 222], "excluded_lines": [], "start_line": 218}, "_Parser.expect": {"executed_lines": [], "summary": {"covered_lines": 0, "num_statements": 4, "percent_covered": 0.0, "percent_covered_display": "0", "missing_lines": 4, "excluded_lines": 0, "percent_statements_covered": 0.0, "percent_statements_covered_display": "0"}, "missing_lines": [225, 226, 227, 230], "excluded_lines": [], "start_line": 224}, "_Parser.parse": {"executed_lines": [], "summary": {"covered_lines": 0, "num_statements": 4, "percent_covered": 0.0, "percent_covered_display": "0", "missing_lines": 4, "excluded_lines": 0, "percent_statements_covered": 0.0, "percent_statements_covered_display": "0"}, "missing_lines": [234, 236, 237, 241], "excluded_lines": [], "start_line": 232}, "_Parser._parse_or_expr": {"executed_lines": [], "summary": {"covered_lines": 0, "num_statements": 4, "percent_covered": 0.0, "percent_covered_display": "0", "missing_lines": 4, "excluded_lines": 0, "percent_statements_covered": 0.0, "percent_statements_covered_display": "0"}, "missing_lines": [244, 245, 246, 247], "excluded_lines": [], "start_line": 243}, "_Parser._parse_and_expr": {"executed_lines": [], "summary": {"covered_lines": 0, "num_statements": 4, "percent_covered": 0.0, "percent_covered_display": "0", "missing_lines": 4, "excluded_lines": 0, "percent_statements_covered": 0.0, "percent_statements_covered_display": "0"}, "missing_lines": [250, 251, 252, 253], "excluded_lines": [], "start_line": 249}, "_Parser._parse_not_expr": {"executed_lines": [], "summary": {"covered_lines": 0, "num_statements": 5, "percent_covered": 0.0, "percent_covered_display": "0", "missing_lines": 5, "excluded_lines": 0, "percent_statements_covered": 0.0, "percent_statements_covered_display": "0"}, "missing_lines": [258, 259, 262, 263, 264], "excluded_lines": [], "start_line": 255}, "_Parser._parse_comparison": {"executed_lines": [], "summary": {"covered_lines": 0, "num_statements": 27, "percent_covered": 0.0, "percent_covered_display": "0", "missing_lines": 27, "excluded_lines": 0, "percent_statements_covered": 0.0, "percent_statements_covered_display": "0"}, "missing_lines": [267, 270, 271, 272, 273, 274, 277, 278, 282, 285, 286, 287, 288, 289, 290, 296, 299, 300, 301, 302, 308, 311, 312, 313, 314, 320, 322], "excluded_lines": [], "start_line": 266}, "_Parser._parse_value": {"executed_lines": [], "summary": {"covered_lines": 0, "num_statements": 16, "percent_covered": 0.0, "percent_covered_display": "0", "missing_lines": 16, "excluded_lines": 0, "percent_statements_covered": 0.0, "percent_statements_covered_display": "0"}, "missing_lines": [328, 330, 331, 332, 333, 334, 335, 336, 337, 339, 340, 341, 343, 345, 346, 348], "excluded_lines": [], "start_line": 326}, "_is_expression_query": {"executed_lines": [360, 361, 363], "summary": {"covered_lines": 3, "num_statements": 4, "percent_covered": 75.0, "percent_covered_display": "75", "missing_lines": 1, "excluded_lines": 0, "percent_statements_covered": 75.0, "percent_statements_covered_display": "75"}, "missing_lines": [362], "excluded_lines": [], "start_line": 353}, "parse_query_text": {"executed_lines": [380, 383, 386, 387, 388], "summary": {"covered_lines": 5, "num_statements": 16, "percent_covered": 31.25, "percent_covered_display": "31", "missing_lines": 11, "excluded_lines": 0, "percent_statements_covered": 31.25, "percent_statements_covered_display": "31"}, "missing_lines": [381, 391, 392, 393, 394, 395, 398, 399, 400, 401, 404], "excluded_lines": [], "start_line": 366}, "": {"executed_lines": [20, 21, 22, 24, 29, 30, 31, 32, 33, 34, 35, 36, 37, 38, 39, 42, 43, 45, 50, 56, 64, 65, 70, 164, 183, 200, 202, 205, 208, 213, 218, 224, 232, 243, 249, 255, 266, 326, 353, 366], "summary": {"covered_lines": 40, "num_statements": 40, "percent_covered": 100.0, "percent_covered_display": "100", "missing_lines": 0, "excluded_lines": 0, "percent_statements_covered": 100.0, "percent_statements_covered_display": "100"}, "missing_lines": [], "excluded_lines": [], "start_line": 1}}, "classes": {"_TokenType": {"executed_lines": [], "summary": {"covered_lines": 0, "num_statements": 0, "percent_covered": 100.0, "percent_covered_display": "100", "missing_lines": 0, "excluded_lines": 0, "percent_statements_covered": 100.0, "percent_statements_covered_display": "100"}, "missing_lines": [], "excluded_lines": [], "start_line": 29}, "_Token": {"executed_lines": [], "summary": {"covered_lines": 0, "num_statements": 4, "percent_covered": 0.0, "percent_covered_display": "0", "missing_lines": 4, "excluded_lines": 0, "percent_statements_covered": 0.0, "percent_statements_covered_display": "0"}, "missing_lines": [46, 47, 48, 51], "excluded_lines": [], "start_line": 42}, "ParseError": {"executed_lines": [], "summary": {"covered_lines": 0, "num_statements": 0, "percent_covered": 100.0, "percent_covered_display": "100", "missing_lines": 0, "excluded_lines": 0, "percent_statements_covered": 100.0, "percent_statements_covered_display": "100"}, "missing_lines": [], "excluded_lines": [], "start_line": 200}, "_Parser": {"executed_lines": [], "summary": {"covered_lines": 0, "num_statements": 74, "percent_covered": 0.0, "percent_covered_display": "0", "missing_lines": 74, "excluded_lines": 0, "percent_statements_covered": 0.0, "percent_statements_covered_display": "0"}, "missing_lines": [209, 210, 211, 214, 215, 216, 219, 220, 221, 222, 225, 226, 227, 230, 234, 236, 237, 241, 244, 245, 246, 247, 250, 251, 252, 253, 258, 259, 262, 263, 264, 267, 270, 271, 272, 273, 274, 277, 278, 282, 285, 286, 287, 288, 289, 290, 296, 299, 300, 301, 302, 308, 311, 312, 313, 314, 320, 322, 328, 330, 331, 332, 333, 334, 335, 336, 337, 339, 340, 341, 343, 345, 346, 348], "excluded_lines": [], "start_line": 205}, "": {"executed_lines": [20, 21, 22, 24, 29, 30, 31, 32, 33, 34, 35, 36, 37, 38, 39, 42, 43, 45, 50, 56, 64, 65, 70, 164, 183, 200, 202, 205, 208, 213, 218, 224, 232, 243, 249, 255, 266, 326, 353, 360, 361, 363, 366, 380, 383, 386, 387, 388], "summary": {"covered_lines": 48, "num_statements": 148, "percent_covered": 32.432432432432435, "percent_covered_display": "32", "missing_lines": 100, "excluded_lines": 0, "percent_statements_covered": 32.432432432432435, "percent_statements_covered_display": "32"}, "missing_lines": [72, 73, 74, 76, 77, 80, 81, 82, 84, 87, 88, 89, 90, 91, 92, 95, 96, 97, 98, 101, 102, 103, 104, 105, 106, 107, 108, 111, 112, 116, 117, 118, 121, 122, 123, 124, 127, 128, 129, 130, 133, 134, 135, 136, 137, 138, 139, 140, 143, 144, 145, 146, 147, 148, 149, 150, 152, 153, 154, 157, 158, 160, 161, 166, 167, 168, 169, 170, 171, 172, 173, 174, 175, 176, 177, 179, 180, 185, 186, 187, 188, 189, 190, 191, 192, 193, 194, 195, 362, 381, 391, 392, 393, 394, 395, 398, 399, 400, 401, 404], "excluded_lines": [], "start_line": 1}}}, "app\\services\\query_engine\\sql_translator.py": {"executed_lines": [1, 2, 4, 6, 11, 14, 16, 17, 18, 19, 31, 32, 33, 37, 40, 42, 106, 108, 110, 111, 112, 113, 114, 116, 117, 118, 119, 120, 121, 122, 124, 125, 126, 127, 128, 129, 131, 132, 133, 136, 137, 138, 139, 141, 143, 145, 146, 148, 150, 151, 152, 154, 155, 156, 157, 158, 159], "summary": {"covered_lines": 57, "num_statements": 107, "percent_covered": 53.271028037383175, "percent_covered_display": "53", "missing_lines": 50, "excluded_lines": 0, "percent_statements_covered": 53.271028037383175, "percent_statements_covered_display": "53"}, "missing_lines": [12, 21, 22, 23, 24, 26, 27, 29, 35, 38, 47, 50, 53, 54, 55, 56, 59, 60, 61, 63, 64, 67, 68, 69, 71, 72, 73, 74, 77, 78, 79, 81, 82, 83, 85, 86, 87, 90, 91, 92, 93, 94, 96, 97, 98, 99, 100, 102, 103, 161], "excluded_lines": [], "functions": {"translate_conditions": {"executed_lines": [11, 14, 16, 17, 18, 19, 31, 32, 33, 37, 40], "summary": {"covered_lines": 11, "num_statements": 21, "percent_covered": 52.38095238095238, "percent_covered_display": "52", "missing_lines": 10, "excluded_lines": 0, "percent_statements_covered": 52.38095238095238, "percent_statements_covered_display": "52"}, "missing_lines": [12, 21, 22, 23, 24, 26, 27, 29, 35, 38], "excluded_lines": [], "start_line": 6}, "_evaluate_single": {"executed_lines": [], "summary": {"covered_lines": 0, "num_statements": 35, "percent_covered": 0.0, "percent_covered_display": "0", "missing_lines": 35, "excluded_lines": 0, "percent_statements_covered": 0.0, "percent_statements_covered_display": "0"}, "missing_lines": [47, 50, 53, 54, 55, 56, 59, 67, 68, 69, 71, 72, 73, 74, 77, 78, 79, 81, 82, 83, 85, 86, 87, 90, 91, 92, 93, 94, 96, 97, 98, 99, 100, 102, 103], "excluded_lines": [], "start_line": 42}, "_evaluate_single.format_val": {"executed_lines": [], "summary": {"covered_lines": 0, "num_statements": 4, "percent_covered": 0.0, "percent_covered_display": "0", "missing_lines": 4, "excluded_lines": 0, "percent_statements_covered": 0.0, "percent_statements_covered_display": "0"}, "missing_lines": [60, 61, 63, 64], "excluded_lines": [], "start_line": 59}, "translate_ast_to_sql": {"executed_lines": [108, 110, 111, 112, 113, 114, 116, 117, 118, 119, 120, 121, 122, 124, 125, 126, 127, 128, 129, 131, 132, 133, 136, 137, 138, 139, 141, 143, 145, 146, 148, 150, 151, 152, 154, 155, 156, 157, 158, 159], "summary": {"covered_lines": 40, "num_statements": 41, "percent_covered": 97.5609756097561, "percent_covered_display": "98", "missing_lines": 1, "excluded_lines": 0, "percent_statements_covered": 97.5609756097561, "percent_statements_covered_display": "98"}, "missing_lines": [161], "excluded_lines": [], "start_line": 106}, "": {"executed_lines": [1, 2, 4, 6, 42, 106], "summary": {"covered_lines": 6, "num_statements": 6, "percent_covered": 100.0, "percent_covered_display": "100", "missing_lines": 0, "excluded_lines": 0, "percent_statements_covered": 100.0, "percent_statements_covered_display": "100"}, "missing_lines": [], "excluded_lines": [], "start_line": 1}}, "classes": {"": {"executed_lines": [1, 2, 4, 6, 11, 14, 16, 17, 18, 19, 31, 32, 33, 37, 40, 42, 106, 108, 110, 111, 112, 113, 114, 116, 117, 118, 119, 120, 121, 122, 124, 125, 126, 127, 128, 129, 131, 132, 133, 136, 137, 138, 139, 141, 143, 145, 146, 148, 150, 151, 152, 154, 155, 156, 157, 158, 159], "summary": {"covered_lines": 57, "num_statements": 107, "percent_covered": 53.271028037383175, "percent_covered_display": "53", "missing_lines": 50, "excluded_lines": 0, "percent_statements_covered": 53.271028037383175, "percent_statements_covered_display": "53"}, "missing_lines": [12, 21, 22, 23, 24, 26, 27, 29, 35, 38, 47, 50, 53, 54, 55, 56, 59, 60, 61, 63, 64, 67, 68, 69, 71, 72, 73, 74, 77, 78, 79, 81, 82, 83, 85, 86, 87, 90, 91, 92, 93, 94, 96, 97, 98, 99, 100, 102, 103, 161], "excluded_lines": [], "start_line": 1}}}, "app\\services\\query_engine\\translator.py": {"executed_lines": [17, 18, 20, 22, 25, 84], "summary": {"covered_lines": 6, "num_statements": 85, "percent_covered": 7.0588235294117645, "percent_covered_display": "7", "missing_lines": 79, "excluded_lines": 0, "percent_statements_covered": 7.0588235294117645, "percent_statements_covered_display": "7"}, "missing_lines": [40, 41, 44, 45, 46, 47, 48, 49, 50, 52, 53, 55, 56, 57, 58, 59, 61, 62, 63, 65, 67, 68, 70, 73, 74, 75, 76, 77, 79, 81, 95, 96, 97, 100, 101, 102, 103, 106, 107, 109, 110, 111, 112, 113, 114, 115, 116, 117, 118, 119, 120, 123, 124, 125, 126, 127, 129, 130, 131, 132, 133, 136, 137, 139, 140, 142, 143, 146, 147, 148, 149, 151, 152, 153, 154, 157, 159, 160, 165], "excluded_lines": [], "functions": {"apply_conditions": {"executed_lines": [], "summary": {"covered_lines": 0, "num_statements": 30, "percent_covered": 0.0, "percent_covered_display": "0", "missing_lines": 30, "excluded_lines": 0, "percent_statements_covered": 0.0, "percent_statements_covered_display": "0"}, "missing_lines": [40, 41, 44, 45, 46, 47, 48, 49, 50, 52, 53, 55, 56, 57, 58, 59, 61, 62, 63, 65, 67, 68, 70, 73, 74, 75, 76, 77, 79, 81], "excluded_lines": [], "start_line": 25}, "_evaluate_single": {"executed_lines": [], "summary": {"covered_lines": 0, "num_statements": 49, "percent_covered": 0.0, "percent_covered_display": "0", "missing_lines": 49, "excluded_lines": 0, "percent_statements_covered": 0.0, "percent_statements_covered_display": "0"}, "missing_lines": [95, 96, 97, 100, 101, 102, 103, 106, 107, 109, 110, 111, 112, 113, 114, 115, 116, 117, 118, 119, 120, 123, 124, 125, 126, 127, 129, 130, 131, 132, 133, 136, 137, 139, 140, 142, 143, 146, 147, 148, 149, 151, 152, 153, 154, 157, 159, 160, 165], "excluded_lines": [], "start_line": 84}, "": {"executed_lines": [17, 18, 20, 22, 25, 84], "summary": {"covered_lines": 6, "num_statements": 6, "percent_covered": 100.0, "percent_covered_display": "100", "missing_lines": 0, "excluded_lines": 0, "percent_statements_covered": 100.0, "percent_statements_covered_display": "100"}, "missing_lines": [], "excluded_lines": [], "start_line": 1}}, "classes": {"": {"executed_lines": [17, 18, 20, 22, 25, 84], "summary": {"covered_lines": 6, "num_statements": 85, "percent_covered": 7.0588235294117645, "percent_covered_display": "7", "missing_lines": 79, "excluded_lines": 0, "percent_statements_covered": 7.0588235294117645, "percent_statements_covered_display": "7"}, "missing_lines": [40, 41, 44, 45, 46, 47, 48, 49, 50, 52, 53, 55, 56, 57, 58, 59, 61, 62, 63, 65, 67, 68, 70, 73, 74, 75, 76, 77, 79, 81, 95, 96, 97, 100, 101, 102, 103, 106, 107, 109, 110, 111, 112, 113, 114, 115, 116, 117, 118, 119, 120, 123, 124, 125, 126, 127, 129, 130, 131, 132, 133, 136, 137, 139, 140, 142, 143, 146, 147, 148, 149, 151, 152, 153, 154, 157, 159, 160, 165], "excluded_lines": [], "start_line": 1}}}, "app\\services\\query_engine\\validators.py": {"executed_lines": [13, 14, 16, 18, 21, 24, 27, 30, 33, 42, 56, 58, 67, 68, 69, 70, 71, 74, 75, 80, 129, 132, 154], "summary": {"covered_lines": 23, "num_statements": 65, "percent_covered": 35.38461538461539, "percent_covered_display": "35", "missing_lines": 42, "excluded_lines": 0, "percent_statements_covered": 35.38461538461539, "percent_statements_covered_display": "35"}, "missing_lines": [59, 65, 82, 83, 84, 92, 93, 94, 102, 103, 104, 111, 112, 113, 121, 122, 134, 137, 138, 139, 142, 143, 145, 146, 147, 148, 149, 151, 156, 157, 158, 159, 161, 163, 164, 165, 166, 168, 169, 170, 171, 177], "excluded_lines": [], "functions": {"validate_conditions": {"executed_lines": [56, 58, 67, 68, 69, 70, 71, 74, 75, 80, 129], "summary": {"covered_lines": 11, "num_statements": 27, "percent_covered": 40.74074074074074, "percent_covered_display": "41", "missing_lines": 16, "excluded_lines": 0, "percent_statements_covered": 40.74074074074074, "percent_statements_covered_display": "41"}, "missing_lines": [59, 65, 82, 83, 84, 92, 93, 94, 102, 103, 104, 111, 112, 113, 121, 122], "excluded_lines": [], "start_line": 42}, "_find_closest": {"executed_lines": [], "summary": {"covered_lines": 0, "num_statements": 12, "percent_covered": 0.0, "percent_covered_display": "0", "missing_lines": 12, "excluded_lines": 0, "percent_statements_covered": 0.0, "percent_statements_covered_display": "0"}, "missing_lines": [134, 137, 138, 139, 142, 143, 145, 146, 147, 148, 149, 151], "excluded_lines": [], "start_line": 132}, "_levenshtein": {"executed_lines": [], "summary": {"covered_lines": 0, "num_statements": 14, "percent_covered": 0.0, "percent_covered_display": "0", "missing_lines": 14, "excluded_lines": 0, "percent_statements_covered": 0.0, "percent_statements_covered_display": "0"}, "missing_lines": [156, 157, 158, 159, 161, 163, 164, 165, 166, 168, 169, 170, 171, 177], "excluded_lines": [], "start_line": 154}, "": {"executed_lines": [13, 14, 16, 18, 21, 24, 27, 30, 33, 42, 132, 154], "summary": {"covered_lines": 12, "num_statements": 12, "percent_covered": 100.0, "percent_covered_display": "100", "missing_lines": 0, "excluded_lines": 0, "percent_statements_covered": 100.0, "percent_statements_covered_display": "100"}, "missing_lines": [], "excluded_lines": [], "start_line": 1}}, "classes": {"": {"executed_lines": [13, 14, 16, 18, 21, 24, 27, 30, 33, 42, 56, 58, 67, 68, 69, 70, 71, 74, 75, 80, 129, 132, 154], "summary": {"covered_lines": 23, "num_statements": 65, "percent_covered": 35.38461538461539, "percent_covered_display": "35", "missing_lines": 42, "excluded_lines": 0, "percent_statements_covered": 35.38461538461539, "percent_statements_covered_display": "35"}, "missing_lines": [59, 65, 82, 83, 84, 92, 93, 94, 102, 103, 104, 111, 112, 113, 121, 122, 134, 137, 138, 139, 142, 143, 145, 146, 147, 148, 149, 151, 156, 157, 158, 159, 161, 163, 164, 165, 166, 168, 169, 170, 171, 177], "excluded_lines": [], "start_line": 1}}}}, "totals": {"covered_lines": 445, "num_statements": 844, "percent_covered": 52.725118483412324, "percent_covered_display": "53", "missing_lines": 399, "excluded_lines": 0, "percent_statements_covered": 52.725118483412324, "percent_statements_covered_display": "53"}}